2025-04-19 18:19:15 - c.s.p.ProductCatalogApplication - Starting ProductCatalogApplication using Java 18.0.2.1 with PID 21124 (D:\Scaler\Project_Module\productCatalog\target\classes started by 91807 in D:\Scaler\Project_Module\productCatalog)
2025-04-19 18:19:15 - c.s.p.ProductCatalogApplication - No active profile set, falling back to 1 default profile: "default"
2025-04-19 18:19:15 - o.s.b.d.e.DevToolsPropertyDefaultsPostProcessor - Devtools property defaults active! Set 'spring.devtools.add-properties' to 'false' to disable
2025-04-19 18:19:15 - o.s.b.d.e.DevToolsPropertyDefaultsPostProcessor - For additional web related logging consider setting the 'logging.level.web' property to 'DEBUG'
2025-04-19 18:19:18 - o.s.d.r.c.RepositoryConfigurationDelegate - Multiple Spring Data modules found, entering strict repository configuration mode
2025-04-19 18:19:18 - o.s.d.r.c.RepositoryConfigurationDelegate - Bootstrapping Spring Data JPA repositories in DEFAULT mode.
2025-04-19 18:19:19 - o.s.d.r.c.RepositoryConfigurationDelegate - Finished Spring Data repository scanning in 141 ms. Found 1 JPA repository interface.
2025-04-19 18:19:19 - o.s.d.r.c.RepositoryConfigurationDelegate - Multiple Spring Data modules found, entering strict repository configuration mode
2025-04-19 18:19:19 - o.s.d.r.c.RepositoryConfigurationDelegate - Bootstrapping Spring Data Redis repositories in DEFAULT mode.
2025-04-19 18:19:19 - o.s.d.r.c.RepositoryConfigurationExtensionSupport - Spring Data Redis - Could not safely identify store assignment for repository candidate interface com.service.productCatalog.repo.ProductCatalogRepo; If you want this repository to be a Redis repository, consider annotating your entities with one of these annotations: org.springframework.data.redis.core.RedisHash (preferred), or consider extending one of the following types with your repository: org.springframework.data.keyvalue.repository.KeyValueRepository
2025-04-19 18:19:19 - o.s.d.r.c.RepositoryConfigurationDelegate - Finished Spring Data repository scanning in 5 ms. Found 0 Redis repository interfaces.
2025-04-19 18:19:20 - o.s.b.w.e.tomcat.TomcatWebServer - Tomcat initialized with port 8080 (http)
2025-04-19 18:19:20 - o.s.b.w.s.c.ServletWebServerApplicationContext - Root WebApplicationContext: initialization completed in 4351 ms
2025-04-19 18:19:20 - o.s.w.f.ServerHttpObservationFilter - Filter 'webMvcObservationFilter' configured for use
2025-04-19 18:19:20 - o.h.jpa.internal.util.LogHelper - HHH000204: Processing PersistenceUnitInfo [name: default]
2025-04-19 18:19:20 - org.hibernate.Version - HHH000412: Hibernate ORM core version 6.6.11.Final
2025-04-19 18:19:20 - o.h.c.i.RegionFactoryInitiator - HHH000026: Second-level cache disabled
2025-04-19 18:19:21 - o.s.o.j.p.SpringPersistenceUnitInfo - No LoadTimeWeaver setup: ignoring JPA class transformer
2025-04-19 18:19:21 - com.zaxxer.hikari.HikariDataSource - HikariPool-1 - Starting...
2025-04-19 18:19:21 - com.zaxxer.hikari.pool.HikariPool - HikariPool-1 - Added connection com.mysql.cj.jdbc.ConnectionImpl@39c2a3cb
2025-04-19 18:19:21 - com.zaxxer.hikari.HikariDataSource - HikariPool-1 - Start completed.
2025-04-19 18:19:21 - org.hibernate.orm.deprecation - HHH90000025: MySQLDialect does not need to be specified explicitly using 'hibernate.dialect' (remove the property setting and it will be selected by default)
2025-04-19 18:19:21 - o.hibernate.orm.connections.pooling - HHH10001005: Database info:
	Database JDBC URL [Connecting through datasource 'HikariDataSource (HikariPool-1)']
	Database driver: undefined/unknown
	Database version: 8.0.32
	Autocommit mode: undefined/unknown
	Isolation level: undefined/unknown
	Minimum pool size: undefined/unknown
	Maximum pool size: undefined/unknown
2025-04-19 18:19:22 - o.h.e.t.j.p.i.JtaPlatformInitiator - HHH000489: No JTA platform available (set 'hibernate.transaction.jta.platform' to enable JTA platform integration)
2025-04-19 18:19:22 - o.s.o.j.LocalContainerEntityManagerFactoryBean - Initialized JPA EntityManagerFactory for persistence unit 'default'
2025-04-19 18:19:22 - o.s.b.a.o.j.JpaBaseConfiguration$JpaWebConfiguration - spring.jpa.open-in-view is enabled by default. Therefore, database queries may be performed during view rendering. Explicitly configure spring.jpa.open-in-view to disable this warning
2025-04-19 18:19:23 - o.s.w.s.m.m.a.RequestMappingHandlerMapping - 9 mappings in 'requestMappingHandlerMapping'
2025-04-19 18:19:23 - o.s.w.s.h.SimpleUrlHandlerMapping - Patterns [/webjars/**, /**] in 'resourceHandlerMapping'
2025-04-19 18:19:23 - o.s.w.s.m.m.a.RequestMappingHandlerAdapter - ControllerAdvice beans: 0 @ModelAttribute, 0 @InitBinder, 1 RequestBodyAdvice, 1 ResponseBodyAdvice
2025-04-19 18:19:23 - o.s.w.s.m.m.a.ExceptionHandlerExceptionResolver - ControllerAdvice beans: 0 @ExceptionHandler, 1 ResponseBodyAdvice
2025-04-19 18:19:24 - o.s.b.d.a.OptionalLiveReloadServer - LiveReload server is running on port 35729
2025-04-19 18:19:24 - o.s.b.a.e.web.EndpointLinksResolver - Exposing 1 endpoint beneath base path '/actuator'
2025-04-19 18:19:25 - o.s.b.w.e.tomcat.TomcatWebServer - Tomcat started on port 8080 (http) with context path '/'
2025-04-19 18:19:25 - c.s.p.ProductCatalogApplication - Started ProductCatalogApplication in 9.9 seconds (process running for 10.756)
2025-04-19 18:19:25 - o.s.b.w.e.tomcat.GracefulShutdown - Commencing graceful shutdown. Waiting for active requests to complete
2025-04-19 18:19:25 - o.s.b.w.e.tomcat.GracefulShutdown - Graceful shutdown complete
2025-04-19 18:19:25 - o.s.o.j.LocalContainerEntityManagerFactoryBean - Closing JPA EntityManagerFactory for persistence unit 'default'
2025-04-19 18:19:25 - com.zaxxer.hikari.HikariDataSource - HikariPool-1 - Shutdown initiated...
2025-04-19 18:19:25 - com.zaxxer.hikari.HikariDataSource - HikariPool-1 - Shutdown completed.
2025-04-19 18:19:41 - c.s.p.ProductCatalogApplication - Starting ProductCatalogApplication using Java 18.0.2.1 with PID 19708 (D:\Scaler\Project_Module\productCatalog\target\classes started by 91807 in D:\Scaler\Project_Module\productCatalog)
2025-04-19 18:19:41 - c.s.p.ProductCatalogApplication - No active profile set, falling back to 1 default profile: "default"
2025-04-19 18:19:41 - o.s.b.d.e.DevToolsPropertyDefaultsPostProcessor - Devtools property defaults active! Set 'spring.devtools.add-properties' to 'false' to disable
2025-04-19 18:19:41 - o.s.b.d.e.DevToolsPropertyDefaultsPostProcessor - For additional web related logging consider setting the 'logging.level.web' property to 'DEBUG'
2025-04-19 18:19:43 - o.s.d.r.c.RepositoryConfigurationDelegate - Multiple Spring Data modules found, entering strict repository configuration mode
2025-04-19 18:19:43 - o.s.d.r.c.RepositoryConfigurationDelegate - Bootstrapping Spring Data JPA repositories in DEFAULT mode.
2025-04-19 18:19:43 - o.s.d.r.c.RepositoryConfigurationDelegate - Finished Spring Data repository scanning in 168 ms. Found 1 JPA repository interface.
2025-04-19 18:19:43 - o.s.d.r.c.RepositoryConfigurationDelegate - Multiple Spring Data modules found, entering strict repository configuration mode
2025-04-19 18:19:43 - o.s.d.r.c.RepositoryConfigurationDelegate - Bootstrapping Spring Data Redis repositories in DEFAULT mode.
2025-04-19 18:19:43 - o.s.d.r.c.RepositoryConfigurationExtensionSupport - Spring Data Redis - Could not safely identify store assignment for repository candidate interface com.service.productCatalog.repo.ProductCatalogRepo; If you want this repository to be a Redis repository, consider annotating your entities with one of these annotations: org.springframework.data.redis.core.RedisHash (preferred), or consider extending one of the following types with your repository: org.springframework.data.keyvalue.repository.KeyValueRepository
2025-04-19 18:19:43 - o.s.d.r.c.RepositoryConfigurationDelegate - Finished Spring Data repository scanning in 6 ms. Found 0 Redis repository interfaces.
2025-04-19 18:19:44 - o.s.b.w.e.tomcat.TomcatWebServer - Tomcat initialized with port 8080 (http)
2025-04-19 18:19:44 - o.a.coyote.http11.Http11NioProtocol - Initializing ProtocolHandler ["http-nio-8080"]
2025-04-19 18:19:44 - o.a.catalina.core.StandardService - Starting service [Tomcat]
2025-04-19 18:19:44 - o.a.catalina.core.StandardEngine - Starting Servlet engine: [Apache Tomcat/10.1.39]
2025-04-19 18:19:44 - o.a.c.c.C.[Tomcat].[localhost].[/] - Initializing Spring embedded WebApplicationContext
2025-04-19 18:19:44 - o.s.b.w.s.c.ServletWebServerApplicationContext - Root WebApplicationContext: initialization completed in 2713 ms
2025-04-19 18:19:44 - o.s.w.f.ServerHttpObservationFilter - Filter 'webMvcObservationFilter' configured for use
2025-04-19 18:19:45 - o.h.jpa.internal.util.LogHelper - HHH000204: Processing PersistenceUnitInfo [name: default]
2025-04-19 18:19:45 - org.hibernate.Version - HHH000412: Hibernate ORM core version 6.6.11.Final
2025-04-19 18:19:45 - o.h.c.i.RegionFactoryInitiator - HHH000026: Second-level cache disabled
2025-04-19 18:19:45 - o.s.o.j.p.SpringPersistenceUnitInfo - No LoadTimeWeaver setup: ignoring JPA class transformer
2025-04-19 18:19:45 - com.zaxxer.hikari.HikariDataSource - HikariPool-1 - Starting...
2025-04-19 18:19:45 - com.zaxxer.hikari.pool.HikariPool - HikariPool-1 - Added connection com.mysql.cj.jdbc.ConnectionImpl@4fe4ddba
2025-04-19 18:19:45 - com.zaxxer.hikari.HikariDataSource - HikariPool-1 - Start completed.
2025-04-19 18:19:45 - org.hibernate.orm.deprecation - HHH90000025: MySQLDialect does not need to be specified explicitly using 'hibernate.dialect' (remove the property setting and it will be selected by default)
2025-04-19 18:19:45 - o.hibernate.orm.connections.pooling - HHH10001005: Database info:
	Database JDBC URL [Connecting through datasource 'HikariDataSource (HikariPool-1)']
	Database driver: undefined/unknown
	Database version: 8.0.32
	Autocommit mode: undefined/unknown
	Isolation level: undefined/unknown
	Minimum pool size: undefined/unknown
	Maximum pool size: undefined/unknown
2025-04-19 18:19:48 - o.h.e.t.j.p.i.JtaPlatformInitiator - HHH000489: No JTA platform available (set 'hibernate.transaction.jta.platform' to enable JTA platform integration)
2025-04-19 18:19:48 - o.s.o.j.LocalContainerEntityManagerFactoryBean - Initialized JPA EntityManagerFactory for persistence unit 'default'
2025-04-19 18:19:49 - o.s.b.a.o.j.JpaBaseConfiguration$JpaWebConfiguration - spring.jpa.open-in-view is enabled by default. Therefore, database queries may be performed during view rendering. Explicitly configure spring.jpa.open-in-view to disable this warning
2025-04-19 18:19:49 - o.s.w.s.m.m.a.RequestMappingHandlerMapping - 9 mappings in 'requestMappingHandlerMapping'
2025-04-19 18:19:50 - o.s.w.s.h.SimpleUrlHandlerMapping - Patterns [/webjars/**, /**] in 'resourceHandlerMapping'
2025-04-19 18:19:50 - o.s.w.s.m.m.a.RequestMappingHandlerAdapter - ControllerAdvice beans: 0 @ModelAttribute, 0 @InitBinder, 1 RequestBodyAdvice, 1 ResponseBodyAdvice
2025-04-19 18:19:50 - o.s.w.s.m.m.a.ExceptionHandlerExceptionResolver - ControllerAdvice beans: 0 @ExceptionHandler, 1 ResponseBodyAdvice
2025-04-19 18:19:51 - o.s.b.d.a.OptionalLiveReloadServer - LiveReload server is running on port 35729
2025-04-19 18:19:51 - o.s.b.a.e.web.EndpointLinksResolver - Exposing 1 endpoint beneath base path '/actuator'
2025-04-19 18:19:51 - o.a.coyote.http11.Http11NioProtocol - Starting ProtocolHandler ["http-nio-8080"]
2025-04-19 18:19:51 - o.s.b.w.e.tomcat.TomcatWebServer - Tomcat started on port 8080 (http) with context path '/'
2025-04-19 18:19:51 - c.s.p.ProductCatalogApplication - Started ProductCatalogApplication in 10.246 seconds (process running for 11.05)
2025-04-19 18:19:51 - o.a.c.c.C.[Tomcat].[localhost].[/] - Initializing Spring DispatcherServlet 'dispatcherServlet'
2025-04-19 18:19:51 - o.s.web.servlet.DispatcherServlet - Initializing Servlet 'dispatcherServlet'
2025-04-19 18:19:51 - o.s.web.servlet.DispatcherServlet - Detected StandardServletMultipartResolver
2025-04-19 18:19:51 - o.s.web.servlet.DispatcherServlet - Detected AcceptHeaderLocaleResolver
2025-04-19 18:19:51 - o.s.web.servlet.DispatcherServlet - Detected FixedThemeResolver
2025-04-19 18:19:51 - o.s.web.servlet.DispatcherServlet - Detected org.springframework.web.servlet.view.DefaultRequestToViewNameTranslator@498fadb1
2025-04-19 18:19:51 - o.s.web.servlet.DispatcherServlet - Detected org.springframework.web.servlet.support.SessionFlashMapManager@7e3b1023
2025-04-19 18:19:51 - o.s.web.servlet.DispatcherServlet - enableLoggingRequestDetails='false': request parameters and headers will be masked to prevent unsafe logging of potentially sensitive data
2025-04-19 18:19:51 - o.s.web.servlet.DispatcherServlet - Completed initialization in 5 ms
2025-04-19 18:20:29 - o.s.b.w.e.tomcat.GracefulShutdown - Commencing graceful shutdown. Waiting for active requests to complete
2025-04-19 18:20:30 - o.s.b.w.e.tomcat.GracefulShutdown - Graceful shutdown complete
2025-04-19 18:20:30 - o.s.o.j.LocalContainerEntityManagerFactoryBean - Closing JPA EntityManagerFactory for persistence unit 'default'
2025-04-19 18:20:30 - com.zaxxer.hikari.HikariDataSource - HikariPool-1 - Shutdown initiated...
2025-04-19 18:20:30 - com.zaxxer.hikari.HikariDataSource - HikariPool-1 - Shutdown completed.
2025-04-19 18:20:38 - c.s.p.ProductCatalogApplication - Starting ProductCatalogApplication using Java 18.0.2.1 with PID 7944 (D:\Scaler\Project_Module\productCatalog\target\classes started by 91807 in D:\Scaler\Project_Module\productCatalog)
2025-04-19 18:20:38 - c.s.p.ProductCatalogApplication - No active profile set, falling back to 1 default profile: "default"
2025-04-19 18:20:38 - o.s.b.d.e.DevToolsPropertyDefaultsPostProcessor - Devtools property defaults active! Set 'spring.devtools.add-properties' to 'false' to disable
2025-04-19 18:20:38 - o.s.b.d.e.DevToolsPropertyDefaultsPostProcessor - For additional web related logging consider setting the 'logging.level.web' property to 'DEBUG'
2025-04-19 18:20:40 - o.s.d.r.c.RepositoryConfigurationDelegate - Multiple Spring Data modules found, entering strict repository configuration mode
2025-04-19 18:20:40 - o.s.d.r.c.RepositoryConfigurationDelegate - Bootstrapping Spring Data JPA repositories in DEFAULT mode.
2025-04-19 18:20:40 - o.s.d.r.c.RepositoryConfigurationDelegate - Finished Spring Data repository scanning in 202 ms. Found 1 JPA repository interface.
2025-04-19 18:20:40 - o.s.d.r.c.RepositoryConfigurationDelegate - Multiple Spring Data modules found, entering strict repository configuration mode
2025-04-19 18:20:40 - o.s.d.r.c.RepositoryConfigurationDelegate - Bootstrapping Spring Data Redis repositories in DEFAULT mode.
2025-04-19 18:20:40 - o.s.d.r.c.RepositoryConfigurationExtensionSupport - Spring Data Redis - Could not safely identify store assignment for repository candidate interface com.service.productCatalog.repo.ProductCatalogRepo; If you want this repository to be a Redis repository, consider annotating your entities with one of these annotations: org.springframework.data.redis.core.RedisHash (preferred), or consider extending one of the following types with your repository: org.springframework.data.keyvalue.repository.KeyValueRepository
2025-04-19 18:20:40 - o.s.d.r.c.RepositoryConfigurationDelegate - Finished Spring Data repository scanning in 6 ms. Found 0 Redis repository interfaces.
2025-04-19 18:20:42 - o.s.b.w.e.tomcat.TomcatWebServer - Tomcat initialized with port 8080 (http)
2025-04-19 18:20:42 - o.a.coyote.http11.Http11NioProtocol - Initializing ProtocolHandler ["http-nio-8080"]
2025-04-19 18:20:42 - o.a.catalina.core.StandardService - Starting service [Tomcat]
2025-04-19 18:20:42 - o.a.catalina.core.StandardEngine - Starting Servlet engine: [Apache Tomcat/10.1.39]
2025-04-19 18:20:42 - o.a.c.c.C.[Tomcat].[localhost].[/] - Initializing Spring embedded WebApplicationContext
2025-04-19 18:20:42 - o.s.b.w.s.c.ServletWebServerApplicationContext - Root WebApplicationContext: initialization completed in 3474 ms
2025-04-19 18:20:43 - o.h.jpa.internal.util.LogHelper - HHH000204: Processing PersistenceUnitInfo [name: default]
2025-04-19 18:20:43 - org.hibernate.Version - HHH000412: Hibernate ORM core version 6.6.11.Final
2025-04-19 18:20:43 - o.h.c.i.RegionFactoryInitiator - HHH000026: Second-level cache disabled
2025-04-19 18:20:43 - o.s.o.j.p.SpringPersistenceUnitInfo - No LoadTimeWeaver setup: ignoring JPA class transformer
2025-04-19 18:20:43 - com.zaxxer.hikari.HikariDataSource - HikariPool-1 - Starting...
2025-04-19 18:20:44 - com.zaxxer.hikari.pool.HikariPool - HikariPool-1 - Added connection com.mysql.cj.jdbc.ConnectionImpl@171245d6
2025-04-19 18:20:44 - com.zaxxer.hikari.HikariDataSource - HikariPool-1 - Start completed.
2025-04-19 18:20:44 - org.hibernate.orm.deprecation - HHH90000025: MySQLDialect does not need to be specified explicitly using 'hibernate.dialect' (remove the property setting and it will be selected by default)
2025-04-19 18:20:44 - o.hibernate.orm.connections.pooling - HHH10001005: Database info:
	Database JDBC URL [Connecting through datasource 'HikariDataSource (HikariPool-1)']
	Database driver: undefined/unknown
	Database version: 8.0.32
	Autocommit mode: undefined/unknown
	Isolation level: undefined/unknown
	Minimum pool size: undefined/unknown
	Maximum pool size: undefined/unknown
2025-04-19 18:20:48 - o.h.e.t.j.p.i.JtaPlatformInitiator - HHH000489: No JTA platform available (set 'hibernate.transaction.jta.platform' to enable JTA platform integration)
2025-04-19 18:20:48 - o.s.o.j.LocalContainerEntityManagerFactoryBean - Initialized JPA EntityManagerFactory for persistence unit 'default'
2025-04-19 18:20:51 - o.s.b.a.o.j.JpaBaseConfiguration$JpaWebConfiguration - spring.jpa.open-in-view is enabled by default. Therefore, database queries may be performed during view rendering. Explicitly configure spring.jpa.open-in-view to disable this warning
2025-04-19 18:20:58 - o.s.b.d.a.OptionalLiveReloadServer - LiveReload server is running on port 35729
2025-04-19 18:20:59 - o.s.b.a.e.web.EndpointLinksResolver - Exposing 1 endpoint beneath base path '/actuator'
2025-04-19 18:20:59 - o.a.coyote.http11.Http11NioProtocol - Starting ProtocolHandler ["http-nio-8080"]
2025-04-19 18:20:59 - o.s.b.w.e.tomcat.TomcatWebServer - Tomcat started on port 8080 (http) with context path '/'
2025-04-19 18:20:59 - c.s.p.ProductCatalogApplication - Started ProductCatalogApplication in 21.906 seconds (process running for 23.4)
2025-04-19 18:21:00 - o.a.c.c.C.[Tomcat].[localhost].[/] - Initializing Spring DispatcherServlet 'dispatcherServlet'
2025-04-19 18:21:00 - o.s.web.servlet.DispatcherServlet - Initializing Servlet 'dispatcherServlet'
2025-04-19 18:21:00 - o.s.web.servlet.DispatcherServlet - Completed initialization in 3 ms
2025-04-19 18:21:14 - o.s.b.w.e.tomcat.GracefulShutdown - Commencing graceful shutdown. Waiting for active requests to complete
2025-04-19 18:21:15 - o.s.b.w.e.tomcat.GracefulShutdown - Graceful shutdown complete
2025-04-19 18:21:15 - o.s.o.j.LocalContainerEntityManagerFactoryBean - Closing JPA EntityManagerFactory for persistence unit 'default'
2025-04-19 18:21:15 - com.zaxxer.hikari.HikariDataSource - HikariPool-1 - Shutdown initiated...
2025-04-19 18:21:15 - com.zaxxer.hikari.HikariDataSource - HikariPool-1 - Shutdown completed.
2025-04-19 18:24:08 - c.s.p.ProductCatalogApplication - Starting ProductCatalogApplication using Java 18.0.2.1 with PID 21456 (D:\Scaler\Project_Module\productCatalog\target\classes started by 91807 in D:\Scaler\Project_Module\productCatalog)
2025-04-19 18:24:08 - c.s.p.ProductCatalogApplication - No active profile set, falling back to 1 default profile: "default"
2025-04-19 18:24:08 - o.s.d.r.c.RepositoryConfigurationDelegate - Multiple Spring Data modules found, entering strict repository configuration mode
2025-04-19 18:24:08 - o.s.d.r.c.RepositoryConfigurationDelegate - Bootstrapping Spring Data JPA repositories in DEFAULT mode.
2025-04-19 18:24:08 - o.s.d.r.c.RepositoryConfigurationDelegate - Finished Spring Data repository scanning in 8 ms. Found 1 JPA repository interface.
2025-04-19 18:24:08 - o.s.d.r.c.RepositoryConfigurationDelegate - Multiple Spring Data modules found, entering strict repository configuration mode
2025-04-19 18:24:08 - o.s.d.r.c.RepositoryConfigurationDelegate - Bootstrapping Spring Data Redis repositories in DEFAULT mode.
2025-04-19 18:24:08 - o.s.d.r.c.RepositoryConfigurationExtensionSupport - Spring Data Redis - Could not safely identify store assignment for repository candidate interface com.service.productCatalog.repo.ProductCatalogRepo; If you want this repository to be a Redis repository, consider annotating your entities with one of these annotations: org.springframework.data.redis.core.RedisHash (preferred), or consider extending one of the following types with your repository: org.springframework.data.keyvalue.repository.KeyValueRepository
2025-04-19 18:24:08 - o.s.d.r.c.RepositoryConfigurationDelegate - Finished Spring Data repository scanning in 1 ms. Found 0 Redis repository interfaces.
2025-04-19 18:24:08 - o.s.b.w.e.tomcat.TomcatWebServer - Tomcat initialized with port 8080 (http)
2025-04-19 18:24:08 - o.a.coyote.http11.Http11NioProtocol - Initializing ProtocolHandler ["http-nio-8080"]
2025-04-19 18:24:08 - o.a.catalina.core.StandardService - Starting service [Tomcat]
2025-04-19 18:24:08 - o.a.catalina.core.StandardEngine - Starting Servlet engine: [Apache Tomcat/10.1.39]
2025-04-19 18:24:08 - o.a.c.c.C.[Tomcat].[localhost].[/] - Initializing Spring embedded WebApplicationContext
2025-04-19 18:24:08 - o.s.b.w.s.c.ServletWebServerApplicationContext - Root WebApplicationContext: initialization completed in 546 ms
2025-04-19 18:24:09 - o.h.jpa.internal.util.LogHelper - HHH000204: Processing PersistenceUnitInfo [name: default]
2025-04-19 18:24:09 - o.h.c.i.RegionFactoryInitiator - HHH000026: Second-level cache disabled
2025-04-19 18:24:09 - o.s.o.j.p.SpringPersistenceUnitInfo - No LoadTimeWeaver setup: ignoring JPA class transformer
2025-04-19 18:24:09 - com.zaxxer.hikari.HikariDataSource - HikariPool-2 - Starting...
2025-04-19 18:24:09 - com.zaxxer.hikari.pool.HikariPool - HikariPool-2 - Added connection com.mysql.cj.jdbc.ConnectionImpl@42dc8892
2025-04-19 18:24:09 - com.zaxxer.hikari.HikariDataSource - HikariPool-2 - Start completed.
2025-04-19 18:24:09 - org.hibernate.orm.deprecation - HHH90000025: MySQLDialect does not need to be specified explicitly using 'hibernate.dialect' (remove the property setting and it will be selected by default)
2025-04-19 18:24:09 - o.hibernate.orm.connections.pooling - HHH10001005: Database info:
	Database JDBC URL [Connecting through datasource 'HikariDataSource (HikariPool-2)']
	Database driver: undefined/unknown
	Database version: 8.0.32
	Autocommit mode: undefined/unknown
	Isolation level: undefined/unknown
	Minimum pool size: undefined/unknown
	Maximum pool size: undefined/unknown
2025-04-19 18:24:09 - o.h.e.t.j.p.i.JtaPlatformInitiator - HHH000489: No JTA platform available (set 'hibernate.transaction.jta.platform' to enable JTA platform integration)
2025-04-19 18:24:09 - o.s.o.j.LocalContainerEntityManagerFactoryBean - Initialized JPA EntityManagerFactory for persistence unit 'default'
2025-04-19 18:24:09 - o.s.b.a.o.j.JpaBaseConfiguration$JpaWebConfiguration - spring.jpa.open-in-view is enabled by default. Therefore, database queries may be performed during view rendering. Explicitly configure spring.jpa.open-in-view to disable this warning
2025-04-19 18:24:10 - o.s.b.d.a.OptionalLiveReloadServer - LiveReload server is running on port 35729
2025-04-19 18:24:10 - o.s.b.a.e.web.EndpointLinksResolver - Exposing 1 endpoint beneath base path '/actuator'
2025-04-19 18:24:10 - o.a.coyote.http11.Http11NioProtocol - Starting ProtocolHandler ["http-nio-8080"]
2025-04-19 18:24:10 - o.s.b.w.e.tomcat.TomcatWebServer - Tomcat started on port 8080 (http) with context path '/'
2025-04-19 18:24:10 - c.s.p.ProductCatalogApplication - Started ProductCatalogApplication in 2.304 seconds (process running for 92.458)
2025-04-19 18:24:10 - o.s.b.d.a.ConditionEvaluationDeltaLoggingListener - Condition evaluation unchanged
2025-04-19 18:25:05 - o.s.b.d.a.LocalDevToolsAutoConfiguration$RestartingClassPathChangeChangedEventListener - Restarting due to 1 class path change (0 additions, 0 deletions, 1 modification)
2025-04-19 18:25:05 - o.s.b.w.e.tomcat.GracefulShutdown - Commencing graceful shutdown. Waiting for active requests to complete
2025-04-19 18:25:05 - o.a.coyote.http11.Http11NioProtocol - Pausing ProtocolHandler ["http-nio-8080"]
2025-04-19 18:25:05 - o.s.b.w.e.tomcat.GracefulShutdown - Graceful shutdown complete
2025-04-19 18:25:05 - o.a.coyote.http11.Http11NioProtocol - Stopping ProtocolHandler ["http-nio-8080"]
2025-04-19 18:25:05 - o.s.o.j.LocalContainerEntityManagerFactoryBean - Closing JPA EntityManagerFactory for persistence unit 'default'
2025-04-19 18:25:05 - com.zaxxer.hikari.HikariDataSource - HikariPool-2 - Shutdown initiated...
2025-04-19 18:25:05 - com.zaxxer.hikari.HikariDataSource - HikariPool-2 - Shutdown completed.
2025-04-19 18:25:05 - c.s.p.ProductCatalogApplication - Starting ProductCatalogApplication using Java 18.0.2.1 with PID 21456 (D:\Scaler\Project_Module\productCatalog\target\classes started by 91807 in D:\Scaler\Project_Module\productCatalog)
2025-04-19 18:25:05 - c.s.p.ProductCatalogApplication - No active profile set, falling back to 1 default profile: "default"
2025-04-19 18:25:06 - o.s.d.r.c.RepositoryConfigurationDelegate - Multiple Spring Data modules found, entering strict repository configuration mode
2025-04-19 18:25:06 - o.s.d.r.c.RepositoryConfigurationDelegate - Bootstrapping Spring Data JPA repositories in DEFAULT mode.
2025-04-19 18:25:06 - o.s.d.r.c.RepositoryConfigurationDelegate - Finished Spring Data repository scanning in 18 ms. Found 1 JPA repository interface.
2025-04-19 18:25:06 - o.s.d.r.c.RepositoryConfigurationDelegate - Multiple Spring Data modules found, entering strict repository configuration mode
2025-04-19 18:25:06 - o.s.d.r.c.RepositoryConfigurationDelegate - Bootstrapping Spring Data Redis repositories in DEFAULT mode.
2025-04-19 18:25:06 - o.s.d.r.c.RepositoryConfigurationExtensionSupport - Spring Data Redis - Could not safely identify store assignment for repository candidate interface com.service.productCatalog.repo.ProductCatalogRepo; If you want this repository to be a Redis repository, consider annotating your entities with one of these annotations: org.springframework.data.redis.core.RedisHash (preferred), or consider extending one of the following types with your repository: org.springframework.data.keyvalue.repository.KeyValueRepository
2025-04-19 18:25:06 - o.s.d.r.c.RepositoryConfigurationDelegate - Finished Spring Data repository scanning in 11 ms. Found 0 Redis repository interfaces.
2025-04-19 18:25:06 - o.s.b.w.e.tomcat.TomcatWebServer - Tomcat initialized with port 8080 (http)
2025-04-19 18:25:06 - o.a.coyote.http11.Http11NioProtocol - Initializing ProtocolHandler ["http-nio-8080"]
2025-04-19 18:25:06 - o.a.catalina.core.StandardService - Starting service [Tomcat]
2025-04-19 18:25:06 - o.a.catalina.core.StandardEngine - Starting Servlet engine: [Apache Tomcat/10.1.39]
2025-04-19 18:25:06 - o.a.c.c.C.[Tomcat].[localhost].[/] - Initializing Spring embedded WebApplicationContext
2025-04-19 18:25:06 - o.s.b.w.s.c.ServletWebServerApplicationContext - Root WebApplicationContext: initialization completed in 927 ms
2025-04-19 18:25:06 - o.s.w.f.ServerHttpObservationFilter - Filter 'webMvcObservationFilter' configured for use
2025-04-19 18:25:07 - o.h.jpa.internal.util.LogHelper - HHH000204: Processing PersistenceUnitInfo [name: default]
2025-04-19 18:25:07 - o.h.c.i.RegionFactoryInitiator - HHH000026: Second-level cache disabled
2025-04-19 18:25:07 - o.s.o.j.p.SpringPersistenceUnitInfo - No LoadTimeWeaver setup: ignoring JPA class transformer
2025-04-19 18:25:07 - com.zaxxer.hikari.HikariDataSource - HikariPool-3 - Starting...
2025-04-19 18:25:07 - com.zaxxer.hikari.pool.HikariPool - HikariPool-3 - Added connection com.mysql.cj.jdbc.ConnectionImpl@53f986cd
2025-04-19 18:25:07 - com.zaxxer.hikari.HikariDataSource - HikariPool-3 - Start completed.
2025-04-19 18:25:07 - org.hibernate.orm.deprecation - HHH90000025: MySQLDialect does not need to be specified explicitly using 'hibernate.dialect' (remove the property setting and it will be selected by default)
2025-04-19 18:25:07 - o.hibernate.orm.connections.pooling - HHH10001005: Database info:
	Database JDBC URL [Connecting through datasource 'HikariDataSource (HikariPool-3)']
	Database driver: undefined/unknown
	Database version: 8.0.32
	Autocommit mode: undefined/unknown
	Isolation level: undefined/unknown
	Minimum pool size: undefined/unknown
	Maximum pool size: undefined/unknown
2025-04-19 18:25:07 - o.h.e.t.j.p.i.JtaPlatformInitiator - HHH000489: No JTA platform available (set 'hibernate.transaction.jta.platform' to enable JTA platform integration)
2025-04-19 18:25:07 - o.s.o.j.LocalContainerEntityManagerFactoryBean - Initialized JPA EntityManagerFactory for persistence unit 'default'
2025-04-19 18:25:07 - o.s.b.a.o.j.JpaBaseConfiguration$JpaWebConfiguration - spring.jpa.open-in-view is enabled by default. Therefore, database queries may be performed during view rendering. Explicitly configure spring.jpa.open-in-view to disable this warning
2025-04-19 18:25:07 - o.s.w.s.m.m.a.RequestMappingHandlerMapping - 9 mappings in 'requestMappingHandlerMapping'
2025-04-19 18:25:07 - o.s.w.s.h.SimpleUrlHandlerMapping - Patterns [/webjars/**, /**] in 'resourceHandlerMapping'
2025-04-19 18:25:07 - o.s.w.s.m.m.a.RequestMappingHandlerAdapter - ControllerAdvice beans: 0 @ModelAttribute, 0 @InitBinder, 1 RequestBodyAdvice, 1 ResponseBodyAdvice
2025-04-19 18:25:07 - o.s.w.s.m.m.a.ExceptionHandlerExceptionResolver - ControllerAdvice beans: 0 @ExceptionHandler, 1 ResponseBodyAdvice
2025-04-19 18:25:08 - o.s.b.d.a.OptionalLiveReloadServer - LiveReload server is running on port 35729
2025-04-19 18:25:08 - o.s.b.a.e.web.EndpointLinksResolver - Exposing 1 endpoint beneath base path '/actuator'
2025-04-19 18:25:08 - o.a.coyote.http11.Http11NioProtocol - Starting ProtocolHandler ["http-nio-8080"]
2025-04-19 18:25:08 - o.s.b.w.e.tomcat.TomcatWebServer - Tomcat started on port 8080 (http) with context path '/'
2025-04-19 18:25:08 - c.s.p.ProductCatalogApplication - Started ProductCatalogApplication in 2.917 seconds (process running for 150.482)
2025-04-19 18:25:08 - o.s.b.d.a.ConditionEvaluationDeltaLoggingListener - Condition evaluation unchanged
2025-04-19 18:25:16 - o.s.b.w.e.tomcat.GracefulShutdown - Commencing graceful shutdown. Waiting for active requests to complete
2025-04-19 18:25:17 - o.s.b.w.e.tomcat.GracefulShutdown - Graceful shutdown complete
2025-04-19 18:25:17 - o.s.o.j.LocalContainerEntityManagerFactoryBean - Closing JPA EntityManagerFactory for persistence unit 'default'
2025-04-19 18:25:17 - com.zaxxer.hikari.HikariDataSource - HikariPool-3 - Shutdown initiated...
2025-04-19 18:25:17 - com.zaxxer.hikari.HikariDataSource - HikariPool-3 - Shutdown completed.
2025-04-19 18:25:20 - c.s.p.ProductCatalogApplication - Starting ProductCatalogApplication using Java 18.0.2.1 with PID 19280 (D:\Scaler\Project_Module\productCatalog\target\classes started by 91807 in D:\Scaler\Project_Module\productCatalog)
2025-04-19 18:25:20 - c.s.p.ProductCatalogApplication - No active profile set, falling back to 1 default profile: "default"
2025-04-19 18:25:22 - o.s.w.f.ServerHttpObservationFilter - Filter 'webMvcObservationFilter' configured for use
2025-04-19 18:25:23 - org.hibernate.orm.deprecation - HHH90000025: MySQLDialect does not need to be specified explicitly using 'hibernate.dialect' (remove the property setting and it will be selected by default)
2025-04-19 18:25:25 - o.s.b.a.o.j.JpaBaseConfiguration$JpaWebConfiguration - spring.jpa.open-in-view is enabled by default. Therefore, database queries may be performed during view rendering. Explicitly configure spring.jpa.open-in-view to disable this warning
2025-04-19 18:25:25 - o.s.w.s.m.m.a.RequestMappingHandlerMapping - 9 mappings in 'requestMappingHandlerMapping'
2025-04-19 18:25:25 - o.s.w.s.h.SimpleUrlHandlerMapping - Patterns [/webjars/**, /**] in 'resourceHandlerMapping'
2025-04-19 18:25:25 - o.s.w.s.m.m.a.RequestMappingHandlerAdapter - ControllerAdvice beans: 0 @ModelAttribute, 0 @InitBinder, 1 RequestBodyAdvice, 1 ResponseBodyAdvice
2025-04-19 18:25:25 - o.s.w.s.m.m.a.ExceptionHandlerExceptionResolver - ControllerAdvice beans: 0 @ExceptionHandler, 1 ResponseBodyAdvice
2025-04-19 18:25:27 - c.s.p.ProductCatalogApplication - Started ProductCatalogApplication in 7.168 seconds (process running for 7.942)
2025-04-19 18:25:27 - o.s.web.servlet.DispatcherServlet - Initializing Servlet 'dispatcherServlet'
2025-04-19 18:25:27 - o.s.web.servlet.DispatcherServlet - Detected StandardServletMultipartResolver
2025-04-19 18:25:27 - o.s.web.servlet.DispatcherServlet - Detected AcceptHeaderLocaleResolver
2025-04-19 18:25:27 - o.s.web.servlet.DispatcherServlet - Detected FixedThemeResolver
2025-04-19 18:25:27 - o.s.web.servlet.DispatcherServlet - Detected org.springframework.web.servlet.view.DefaultRequestToViewNameTranslator@22ce1d8f
2025-04-19 18:25:27 - o.s.web.servlet.DispatcherServlet - Detected org.springframework.web.servlet.support.SessionFlashMapManager@1b5228a1
2025-04-19 18:25:27 - o.s.web.servlet.DispatcherServlet - enableLoggingRequestDetails='false': request parameters and headers will be masked to prevent unsafe logging of potentially sensitive data
2025-04-19 18:25:27 - o.s.web.servlet.DispatcherServlet - Completed initialization in 3 ms
2025-04-19 18:25:48 - o.s.web.servlet.DispatcherServlet - GET "/productApi/products", parameters={}
2025-04-19 18:25:48 - o.s.w.s.m.m.a.RequestMappingHandlerMapping - Mapped to com.service.productCatalog.controller.ProductController#getAllProducts()
2025-04-19 18:25:48 - c.s.p.controller.ProductController - getAllProducts started
2025-04-19 18:25:48 - c.s.p.controller.ProductController - getAllProducts finished
2025-04-19 18:25:48 - o.s.w.s.m.m.a.HttpEntityMethodProcessor - Using 'application/json', given [*/*] and supported [application/json, application/*+json]
2025-04-19 18:25:48 - o.s.w.s.m.m.a.HttpEntityMethodProcessor - Writing [[ProductDTO(productId=1, name=Mobile, description=Mobile Apple Company, category=Apple phone, price= (truncated)...]
2025-04-19 18:25:48 - o.s.web.servlet.DispatcherServlet - Completed 200 OK
2025-04-19 18:26:51 - c.s.p.ProductCatalogApplication - Starting ProductCatalogApplication using Java 18.0.2.1 with PID 16808 (D:\Scaler\Project_Module\productCatalog\target\classes started by 91807 in D:\Scaler\Project_Module\productCatalog)
2025-04-19 18:26:51 - c.s.p.ProductCatalogApplication - No active profile set, falling back to 1 default profile: "default"
2025-04-19 18:26:54 - o.s.w.f.ServerHttpObservationFilter - Filter 'webMvcObservationFilter' configured for use
2025-04-19 18:26:56 - org.hibernate.orm.deprecation - HHH90000025: MySQLDialect does not need to be specified explicitly using 'hibernate.dialect' (remove the property setting and it will be selected by default)
2025-04-19 18:26:58 - o.s.b.a.o.j.JpaBaseConfiguration$JpaWebConfiguration - spring.jpa.open-in-view is enabled by default. Therefore, database queries may be performed during view rendering. Explicitly configure spring.jpa.open-in-view to disable this warning
2025-04-19 18:26:58 - o.s.w.s.m.m.a.RequestMappingHandlerMapping - 9 mappings in 'requestMappingHandlerMapping'
2025-04-19 18:26:58 - o.s.w.s.h.SimpleUrlHandlerMapping - Patterns [/webjars/**, /**] in 'resourceHandlerMapping'
2025-04-19 18:26:58 - o.s.w.s.m.m.a.RequestMappingHandlerAdapter - ControllerAdvice beans: 0 @ModelAttribute, 0 @InitBinder, 1 RequestBodyAdvice, 1 ResponseBodyAdvice
2025-04-19 18:26:58 - o.s.w.s.m.m.a.ExceptionHandlerExceptionResolver - ControllerAdvice beans: 0 @ExceptionHandler, 1 ResponseBodyAdvice
2025-04-19 18:27:03 - c.s.p.ProductCatalogApplication - Started ProductCatalogApplication in 12.652 seconds (process running for 13.516)
2025-04-19 18:27:03 - o.s.web.servlet.DispatcherServlet - Initializing Servlet 'dispatcherServlet'
2025-04-19 18:27:03 - o.s.web.servlet.DispatcherServlet - Detected StandardServletMultipartResolver
2025-04-19 18:27:03 - o.s.web.servlet.DispatcherServlet - Detected AcceptHeaderLocaleResolver
2025-04-19 18:27:03 - o.s.web.servlet.DispatcherServlet - Detected FixedThemeResolver
2025-04-19 18:27:03 - o.s.web.servlet.DispatcherServlet - Detected org.springframework.web.servlet.view.DefaultRequestToViewNameTranslator@25a9cd9b
2025-04-19 18:27:03 - o.s.web.servlet.DispatcherServlet - Detected org.springframework.web.servlet.support.SessionFlashMapManager@7b657c50
2025-04-19 18:27:03 - o.s.web.servlet.DispatcherServlet - enableLoggingRequestDetails='false': request parameters and headers will be masked to prevent unsafe logging of potentially sensitive data
2025-04-19 18:27:03 - o.s.web.servlet.DispatcherServlet - Completed initialization in 3 ms
